69-56 68-55 67-54 66-53 65-52 64-51 63-50 62-49 61-48 61-47 62-46 63-45 64-44 64-43 65-42 66-41 67-40 68-39
171-7 172-8 173-9 174-10 175-11 176-12 176-13 177-14 178-15 179-16 178-17 177-18 176-19 175-20 174-21 175-22 174-23 173-24 172-25 171-26 170-27 169-28 168-29 167-30 166-31 165-30 164-29
223-129 222-130 221-131 220-132 219-133 218-134 217-135 216-136 215-137 214-138 213-139 212-139 211-138 210-139 209-139 208-140 207-141 206-140 205-141 204-142 203-143 202-144 201-144 200-145 199-146 198-146 197-145
213-241 214-241 215-241 216-241 217-241 218-240 219-239 220-238 221-238 222-239 222-240 221-241 220-242 220-243 219-244
199-129 200-128 201-127 202-126 203-126 204-126 205-126 206-125 207-125 208-125 209-125 210-125 211-125 212-125 213-125 214-126 215-127 216-128 217-129 218-130 219-131 220-132 221-133 222-134 223-135 224-135 225-135 226-135 227-136
164-103 163-102 162-101 161-100 160-99 159-98 158-97 157-96 156-95 155-94 154-93 153-92 152-91 153-90 154-89 155-88 155-87 156-86 156-85 157-84 158-83 159-82 160-81 161-80 162-79
125-24 126-25 127-26 128-27 128-28 127-29 126-30 126-31 127-32 126-33 127-34 128-34 129-35 130-35 131-34 132-33
63-125 64-126 63-127 62-128
26-213 25-213 24-213 23-212 22-212 21-212 20-212 19-212 18-213 18-214 19-215 20-216 21-217 22-218 23-219 24-220 25-221 26-222 27-223 26-224
121-0 122-1 123-2 124-3 125-4 126-5 127-6 128-7 129-8 130-9 131-10 132-11 132-12 131-13 130-14 130-15 131-16 132-17 133-17 134-17 135-17 136-17 137-17 138-18 139-19 140-20 141-21 142-22 143-23
66-107 66-108 65-109 64-110 63-111 62-112 61-113 60-114 59-115 58-116 57-117 56-118 55-118 54-118 53-118 52-119 52-120 53-121 52-122 51-123 50-124 49-125 48-126 47-127 46-128
25-15 26-16 26-17 27-18 28-19 29-20 30-21 30-22 29-23 28-24 27-25 26-26 25-27 24-28 23-29 22-30 21-31
2-209 1-209 0-208 0-207 0-206 0-205 0-204 0-203 0-202 0-201 0-200 0-199 0-198 0-197 0-196 0-195 0-194 0-193 0-192 0-191 0-190 0-189 0-188 0-187 0-186 1-185
245-139 244-138 243-137 242-136 241-135 242-134 243-133 243-132 244-131 244-130 244-129 244-128 244-127 243-126 243-125 243-124 242-123 241-122 240-121 239-120 238-119 237-118 237-117 236-116
122-164 121-163 120-162 119-161 118-160 117-159 116-158 115-157 114-156 115-155 116-154 116-153 117-152 118-151 119-150 120-149 121-148 121-147 120-146 119-145 118-144 118-143 119-142 120-141
169-54 168-55 167-56 166-57 165-58 164-59 163-60 162-61 161-62 160-63 159-64 158-64 157-63 156-62
199-147 198-148 197-149 196-150 195-151 194-150 193-149 192-148 191-147 190-146 189-145 188-144 187-143 186-142 185-141 184-140 183-139 182-138 181-137 180-136 179-135 178-134 179-133 180-132 181-131 181-130 180-129 181-128 182-127 183-126
176-60 177-61 178-62 179-63 180-64 181-65 182-66 183-66 184-67 185-67 186-67 187-67 188-68
58-167 59-167 60-168 61-168 62-168
85-41 86-42 86-43 87-44 88-45 89-46 89-47 88-48 87-49 86-50 85-51 85-52 85-53
9-103 8-102 7-101 6-100 5-99 4-98 3-97 3-96 4-95 5-94 6-93 7-92 8-91 9-90 10-89 11-88 12-87 13-86 14-85 15-84 16-83 17-82 18-81 19-80 20-79 21-78 22-77 22-76 22-75 23-74
83-26 84-26 85-26 86-27 87-27 88-26 89-25 90-24 91-23 92-22 93-22 94-21 95-21 96-21 97-21 98-21 99-21
224-202 225-202 226-202 227-203 228-203 229-203 230-203 231-204 232-205 233-206 234-207 235-208 236-209 237-210 238-211 239-212 239-213 238-214 237-215 238-216 239-217 240-218 241-219 242-220 243-221 244-222 245-223 246-224 245-225 244-226 243-227
25-38 24-37 23-36 22-35 21-34 20-33 19-32 18-31 17-30 17-29 18-28 19-27 20-26 21-25 22-24 23-23 24-22 25-21 26-20 27-19 28-18 29-17 30-16
153-7 152-7 151-7 150-7 149-8 148-9 147-10 146-11 145-12 144-13 143-14 142-15 141-16 140-17 139-18 138-19 137-18 136-17 135-16
32-249 31-249 30-249 29-249 28-249 27-249 26-249 25-249 24-249 23-249 22-249 21-249 20-249 19-249 18-249 17-249 16-249 15-249 14-249 13-249 12-249 11-249 10-249 9-249 8-249 7-249 6-249 5-248 4-247 3-246
22-83 23-83 24-84 25-85 26-86 27-87 28-88 29-89 30-90 31-91 31-92 32-93 33-94 34-95 35-96 35-97 36-98 37-99 38-100 39-101 40-102 41-103 42-104 43-105 44-106 45-107 46-108 47-109 47-110 46-111
198-163 199-164 200-165 201-166 202-167 203-168 204-169 205-170 206-171 207-172 208-173 209-174 210-175 211-176 211-177 210-178 209-179 209-180 208-181 207-182 206-183 205-184
74-65 73-66 72-66 71-67 70-68 69-69 68-70 67-71 66-71 65-70 64-70 63-71 62-72 61-73 60-74 59-75 58-76 57-77 56-77 55-77 54-76 53-75 52-75 51-75 50-75 49-75 48-75 47-76 47-77 47-78 48-79 49-80 50-81 50-82 51-83 51-84 52-85 53-86 54-87 53-88 52-89 51-90 50-91 49-92 48-93 47-94
108-156 109-155 110-155 111-155 112-155 113-155 114-155 115-155 116-156 117-157 118-158 119-159
103-34 102-33 101-32 100-31 99-30 98-29 99-28 100-27 101-26 102-25 103-24 104-23 104-22 104-21 103-20 102-20 101-20 100-21 99-20 98-19
196-104 197-104 198-103 199-102 200-101 201-100 202-99 203-98 203-97 203-96 204-95 203-94 202-93 203-92 204-91
23-110 24-110 25-111 26-112 27-113 28-113 29-114 30-115 31-116 32-117 33-118 34-119
10-61 11-61 12-61 13-61 14-61 15-60 16-60 17-59 18-58 19-57 20-56 20-55 20-54 20-53 20-52 20-51 19-50
100-185 99-184 98-183 97-182 96-181 95-180 94-179 93-178 92-177 91-176 90-175 90-174 91-173 92-172 93-171 94-170 95-169 96-168 97-168 98-168 99-168 100-168 101-169 102-170 103-171 104-172 105-173
228-153 229-153 230-153 231-153 232-153 233-153 234-153 235-153 236-154 237-155 238-156 239-157 240-157 241-158 242-159 243-160 244-161 245-162 245-163
51-179 52-180 51-181 50-182 49-183 48-184 47-185 46-186 45-187 44-188 43-189 42-190 41-191 40-192 39-193 38-193 37-194 36-195 35-194 34-193 33-192 32-192 31-191 30-190
197-101 198-102 199-103 198-104 197-105 196-106 197-107 197-108 197-109 198-110 199-111 199-112 199-113 199-114 199-115 199-116 199-117 200-118 201-118 202-118 203-118 204-118 205-117 206-116 206-115 206-114 207-113 208-112 209-111 210-110
8-88 9-88 10-88 11-88 12-88 13-87 14-87 15-86 16-85
182-242 183-242 184-242 185-242 186-242 187-243 188-243 189-242 189-241 190-240 189-239 189-238 188-237 187-236 186-235 186-234 187-233 188-232 189-231 190-230 191-229 192-228 193-227 194-226 195-225 196-224 197-223 198-222 199-221 200-220 201-219 202-218 202-217 203-216 204-215 205-214 206-213 206-212
16-215 17-216 18-217 19-218 20-219 21-220 22-221 23-222 24-223 25-224 26-225 27-226 28-227 29-228 30-229 31-230 31-231 30-232 29-233 28-234 27-235 26-236 25-237
239-143 238-142 237-141 236-140 235-139 234-138 233-137 232-136 231-135 230-134 229-133 228-132 227-131 226-130 225-129 224-128 225-127 226-126 227-125 228-124 229-123 230-122
31-185 30-186 29-187 28-187 27-186 26-186 25-187 24-187 23-186 22-185 21-184 20-183 19-182 18-181 17-181 16-180 15-180 14-179 13-178 12-177
71-192 72-191 72-190 73-189 72-188 71-187 70-186 69-186 68-185 67-185 66-185 65-185 64-186 63-187 63-188 64-189 65-190 65-191 64-192 63-193
246-41 245-41 244-41 243-41 242-42 241-43 240-44 239-45 238-46 237-46 236-47 235-48 234-49 233-50 232-51 231-52 230-53 229-54 228-55 227-56 226-57 225-58 224-58 223-57 222-56 221-55 220-54 219-53 218-52
51-167 52-168 53-169 54-170 54-171 54-172 53-173 53-174 54-175 55-176 56-177 56-178 57-179 58-180 59-180 60-180 61-180 62-180 63-180 64-181 65-182 66-183 67-184 68-185
222-88 223-89 224-90 225-91 226-92 227-93 228-94 228-95 228-96 229-97 228-98 227-99 226-100 225-101 224-102 223-103 222-104 221-105 220-106 219-107 219-108 220-109 221-110 220-111 219-112
87-110 88-110 89-110 90-111 91-112 92-113 93-114 93-115 94-116 95-117 96-118 97-119 98-120 99-121 100-122 101-123 101-124 102-125 103-125 104-126 105-126 106-126 107-126
65-183 64-184 63-185 62-186 61-187 60-188 59-189 58-190 57-191 56-192 55-193 54-192 53-191 52-190 51-190 50-191 49-192 48-193 47-194 46-194 45-193 44-192 43-192 42-192 41-192 40-193 39-193 38-193 37-194 36-195 36-196 36-197 37-198 38-199 39-200 40-201 41-202 42-203 43-204 44-205 45-206 44-207 43-208 42-209 41-210 40-211
183-96 182-95 182-94 182-93 181-92 180-91 179-90 178-89 178-88 179-87 180-86 181-85 182-84 183-83 184-82 185-81 184-80 184-79 184-78 183-77 182-76 181-75 180-74 179-73 180-72 181-71 182-70 183-69
236-20 237-21 236-22 235-23 234-24 233-25 232-26 231-27 230-28 229-29 228-30 227-31 226-32 225-33 224-34 223-35 222-36 221-37 220-37 219-36 218-35 217-34
64-50 65-50 66-50 67-50 68-50 69-49 70-48 71-48 72-47 73-46
54-76 55-76 56-76 57-75 58-75 59-74
0-152 0-153 1-154 2-154 3-154 4-154 5-154 6-154 7-154 8-155 9-155 10-155 11-156 12-157 13-158 14-159 15-160 16-161 17-161 18-162 19-162 20-163
141-74 142-74 143-74 144-75 145-76 146-76 147-76 148-77 149-78 150-79 151-80 152-81 153-82 154-83 155-84 156-85 157-86 158-87 159-88 160-89 161-90 162-91 163-92 164-93 165-94 166-95 167-96 168-97 169-98 170-99
67-157 68-157 69-157 70-157 71-157 72-157 73-157 74-157 75-157 76-157 77-157 78-157 79-157 80-157 81-157 82-157 83-157 84-157 85-158 86-159 87-160
69-184 70-184 71-184 72-184 73-185 74-185 75-185 76-185 77-185 78-185 79-185 80-185 81-186 82-186 83-186 84-186 85-186 86-186 87-186 88-186 89-186 90-186 91-186 92-186 93-186 94-186 95-187 96-188 97-189 98-189 99-188
71-3 70-4 69-5 68-6 67-7 66-8 65-9 64-10 63-11 62-11 61-12 60-13 59-14 58-15 57-15 56-14 55-14 54-15 54-16 53-17
103-157 102-156 102-155 101-154 100-153 99-152 98-151 97-150 96-149 95-148 96-147 97-146 98-145 98-144 99-143 100-142
83-4 84-4 85-5 86-5 87-5 88-6 89-7 90-8 91-9 92-10 93-11 94-12 95-13 96-13 97-13 98-14 99-15 100-16 101-17 102-18 103-19 104-20 105-21 106-21 107-21 108-22 109-23 110-24 111-25 112-26
128-125 127-124 126-123 125-122 124-121 124-120 124-119 125-118 126-117 127-116
119-240 120-240 121-239 122-238 123-238
22-148 21-147 22-146 23-145 24-144 25-143 26-142 27-141 27-140 28-139 29-138 28-137 27-136 26-135 25-134 26-133 27-132 28-131 29-130 29-129 30-128 31-127 32-126 33-125 34-124 35-123 36-123 37-123 38-123 39-123 40-122
87-55 86-54 85-53 84-52 85-51 86-50 87-50 88-50 89-50 90-50 91-50 92-50 93-50 94-50 95-50 96-50 97-50 98-50 99-49 100-49 101-50 102-51 103-52 104-53 105-54 106-55 107-56 108-57 107-58 107-59 108-60 109-61 110-62 111-63 112-64 112-65 111-66 110-67 110-68 109-69 108-70 107-71 107-72 107-73 107-74 106-75 105-76 104-77 103-78 102-79 101-80 100-81 99-82 100-83 100-84 99-85
18-234 19-234 20-235 21-235 22-236 23-237 24-238 25-239 26-240 27-241 28-242 29-243 30-244 31-245 32-246 33-247 34-248 35-249 36-249 37-249 38-249 39-249 40-249 41-249
157-169 156-170 155-171 154-172 153-173 152-174 151-175 150-176 149-177 148-178 147-179 146-178 145-178 144-178 143-177 142-177 141-177 140-176 139-177 138-177 137-178 137-179 136-180 135-181 134-182
87-166 88-166 89-166 90-166 91-166 92-166 93-166 94-166 95-166 96-166 97-167 98-168 99-169 100-170 101-171 102-172 103-173 104-174 105-175 106-176 105-177 104-178
126-67 125-68 124-69 123-70 122-71 121-70 120-69 119-68 118-67 117-66 116-65 115-66 114-66 113-65 112-64 111-63 110-62 109-61 108-60 107-59 106-58 105-57 104-56 103-55 102-54 103-53 103-52 104-51 105-50
26-77 25-78 24-79 23-80 22-81 21-82 20-83 19-84 18-85 17-85 16-84 15-83 14-82 13-81 12-80 11-79 10-78 9-77
86-57 85-58 84-59 83-60 82-61 81-61 80-62 79-62 78-62 77-62 76-62 75-62 74-63 75-64 76-65 77-66 78-67 79-68 80-69 80-70 79-71 78-72 78-73 78-74
21-179 20-178 21-177 22-176 23-175 24-174 25-173 26-172 27-171 28-170 29-169 30-168 31-167 32-166 33-165 34-164 35-163 36-162 37-161 38-160 39-159 40-158 41-157 42-157 43-157 44-157 45-156
96-106 95-107 94-108 93-109 92-110 91-111 90-111 89-111 88-111 87-112 86-113 86-114 86-115 86-116 85-117 84-118 83-119 82-120 81-121
144-78 145-78 146-78 147-79 148-80 149-81 150-82 151-83 152-84 153-84 154-85 154-86 155-87 156-88 157-89 158-90 159-91 160-92 161-93 161-94 162-95 163-96 164-97 165-98 166-99 167-100 168-101 167-102 168-103 169-104 168-105
179-117 180-117 181-117 182-117 183-117 184-118
87-25 86-25 85-26 84-26 83-25 82-24 81-23 80-22 79-21 78-20 77-19 76-18 75-17 74-16 73-15 72-14 71-13 70-12 69-11 68-10 67-9 66-8 65-7 64-7 63-6 62-5 61-4 60-3 59-2
167-64 166-63 165-62 164-61 163-60 162-59 163-58 162-57 162-56 162-55 162-54 163-53 162-52 161-51 160-50 159-49 158-48 157-47 156-46 155-45 154-44 153-43 152-42 151-41 151-40 150-39 149-39 148-39 147-39 146-38 145-37
39-238 40-238 41-238 42-238 43-238 44-238 45-239 46-239 47-238 48-237 49-236 49-235 49-234 48-233 47-232 46-231 45-230 44-229 43-228 42-227 41-226 40-225 39-224 38-223 37-222 37-221 38-220 39-219 40-218 41-217
173-15 174-16 175-17 176-18 176-19 175-20 174-21 175-22 176-23 177-24 177-25 176-26 175-27 175-28 175-29 174-30 173-31 172-32
66-49 67-50 68-51 67-52 66-53 65-54 64-55 63-56 62-57 61-58 60-59 60-60 59-61 58-62 57-63 56-64 55-65 54-66 53-67 52-68 51-69 50-70 49-71 48-72 47-73 46-74 45-75 44-76 43-77 42-78 41-77 40-76 39-75
36-10 37-10 38-10 39-10 40-10 41-10 42-10 43-10 44-10 45-10 46-10 47-10 48-10 49-10 50-10 51-10 52-10 53-11 54-12 55-13 56-14 57-15 58-16 59-17 60-18 61-19 62-20 63-21 64-22 64-23 64-24 63-25
55-73 56-73 57-73 58-73 59-73 60-73 61-74 62-75 63-76 64-76 65-77 66-78 67-79 68-80 69-81 70-82 71-83 72-84 73-85 74-86 75-87 76-88 77-89 78-90
126-42 127-43 128-44 129-45 130-46 131-47 132-48 131-49 130-50 129-51 128-52 127-53 128-54 129-55 130-56 129-57 128-58 127-59 126-60 125-61 125-62 125-63 125-64 126-65 126-66 127-67 127-68 127-69 127-70
247-102 246-101 245-101 244-100 243-99 242-98 241-99 240-99 239-98 238-98 237-98 236-98 235-98 234-99 233-100 232-100 231-99 230-98 229-97 228-96 227-95 226-94
98-150 97-149 96-148 96-147 95-146 96-145 97-144 98-143 98-142 99-141 98-140 98-139 98-138 97-137 96-136 95-135 94-134 95-133 96-132 97-131 98-130 99-129 99-128 99-127 98-126 99-125 100-124
125-74 124-75 123-76 122-77 121-78 120-79 119-80 118-81 117-82 116-83 115-84 114-85 113-86 112-86 111-87 110-88 109-89 108-90 107-90 106-89 105-88 104-87 103-86 102-85 101-84 100-83 99-82 98-81 97-80 96-79
8-178 9-178 10-179 11-180 12-181 13-182 14-183 15-184 16-185 17-186 18-187 19-188 20-189 21-190 22-191 23-192 24-193 25-194 26-195 26-196 25-197 24-198 23-199
52-115 51-114 50-113 49-112 48-111 47-111 46-110 45-109 44-109 43-108 42-107 41-106 40-105 39-104 38-103 37-102
216-201 216-202 216-203 215-204 214-205 213-206 212-205 211-205 210-205 209-205 208-206 207-207 206-208 205-208 204-208 203-208 202-209 201-210 200-209 199-209 198-208 197-207
78-31 77-31 76-32 75-33 74-33 73-33 72-34 71-35 70-35 69-34 68-33 67-32 66-31 65-30 64-29 63-30 62-29 61-28 60-27
59-8 60-9 61-10 62-11 63-12 64-13 65-14 66-15 67-16 67-17 66-18 65-19 64-20 63-21 64-22 64-23 64-24 63-25 62-26 61-27 60-28 59-29 58-30 57-31 56-32 55-33
27-50 26-49 25-48 25-47 24-46 23-45 22-44 21-43 20-42 19-41 18-40 17-39 16-38 15-37 14-36 14-35 15-34 16-33 17-32 18-31 19-30 20-29 21-28 22-27 23-26 24-25 25-24 26-23 27-22
204-71 203-70 202-69 201-68 200-67 199-66 198-65 198-64
213-85 214-86 215-87 216-88 217-89 218-90 219-91 220-92 221-93 222-94 223-95 224-96 225-97 226-98 227-99 228-100 229-101 230-102 231-103 232-104 233-105 234-106 235-107 236-108 237-109 238-110 239-111 240-112 241-113 242-114
224-117 225-118 226-119 226-120 225-121 224-122
108-120 107-121 108-122 109-123 110-123 111-123 112-123 113-123 114-123 115-122 116-121 117-120 118-119 119-118 120-117
74-61 75-62 74-63 75-64 76-65 77-66 78-67 79-68 80-69 81-70 82-71 83-72 83-73 82-74 82-75 81-76 80-77 79-78 78-79 78-80 79-81 80-82 81-83 82-84 83-85 84-86 83-87
93-132 92-133 91-134 90-135 89-136 88-137 87-138 86-139 85-140 84-141 83-142 82-143 81-144 80-145 79-146 78-147 77-148 76-149 75-150 74-151 73-152 72-153 71-154 70-155 69-154 68-153
203-75 204-74 205-73 206-72 207-71 208-70 209-69 210-68 211-67 212-66 213-65 214-64 215-63 215-62 215-61 216-60 217-59 218-58 219-57 220-56 221-56 222-55 223-54 224-53 225-52 226-51 227-50 228-49
236-41 235-42 234-43 233-44 232-45 231-46 230-47 229-48 228-49 227-48 226-47 225-46 224-45 223-44 222-43 221-42 222-41
54-94 55-95 56-96 57-97 58-98 59-99 60-100 61-101 62-102 63-103 64-104 65-105 66-106 67-107 67-108 68-109 69-109 70-109 71-109 72-109 73-109 74-109 75-109 76-109 77-109 78-109 79-109 80-110 81-111