76-90 75-89 74-88 73-87 72-86 72-85 72-84 73-83 74-82 75-81 76-80 77-79 78-78 79-77 80-76 81-75 82-74 83-73 84-72 85-71
47-12 48-13
36-6 35-7 35-8 35-9 34-10 33-11 32-12 31-13 30-14 30-15 31-16 32-17 33-18 34-19 35-20 36-21 37-22 38-23 39-24 39-25 39-26 39-27 40-28 41-28 42-27 42-26 43-25
27-7 26-8 25-9 24-10 23-10 22-10 21-10 20-11 19-11 18-12 17-13 16-14 15-15 14-16 13-17 12-18 11-19 10-20 9-19 8-20 7-20 6-21 5-22 4-23 3-24 2-25 1-25 0-26 0-27 0-28 0-29 0-30
48-57 47-56 46-55 45-54 44-53 43-52 44-51 45-50 46-49 47-48 48-47 49-46
91-39 91-38 92-37 92-36 93-35 94-34 95-33 96-32 97-31 98-30 99-29 99-28 99-27 99-26 99-25 99-24 99-23 99-22 99-21 99-20 99-19 99-18 98-17 98-16 98-15 98-14 98-13 98-12 97-11 96-10 95-9
12-28 13-29 14-30 15-31 16-32 17-33 18-34 19-35 19-36 20-37 20-38 19-39 18-40 17-41 16-42 15-43 14-44 13-45 12-46 11-47 10-48 10-49 10-50
91-18 90-19 89-20 88-21 87-22 86-23 85-24 84-23 83-23 82-23 81-24 80-25 79-26 78-27 77-28 76-29 75-30 74-31 73-32 72-33 71-34 70-35 69-36 68-37 67-37 66-36 65-35 64-34 63-33 62-32 61-31
52-97 51-96 51-95 50-94 50-93 51-92 52-91 53-90 53-89 53-88 52-87 53-86 54-85 55-84 56-83 57-82 58-81 59-81 60-81 61-81 62-81 63-80 64-79 65-78 66-77 67-76 67-75 66-74 65-73 66-72 67-71 68-70
97-90 96-89 95-88 94-87 93-86 93-85 93-84 92-83 91-83 90-83 89-84 88-85 87-84 86-83 85-82 84-81 83-80 82-79 81-78 80-77 79-76 78-75 77-74 76-73 75-72 74-71
22-7 21-8 20-9 19-10 18-9 17-9
99-23 99-24 99-25 99-26 99-27 99-28 99-29 98-30 97-31 96-32 95-33 94-32 93-31 92-31 91-30 90-29 89-28 88-27 87-26 86-25 85-24
27-18 27-19 26-20 25-21 24-22 23-23 22-24 21-25 20-26 19-27 18-28 18-29 17-30 18-31 18-32 19-33 19-34 18-35 17-36
97-61 96-62 95-62 94-63 93-64 92-65 91-66 90-67 89-68 88-68 87-69 86-70 85-71 84-72 83-73 82-74 81-75 80-75 79-74 78-73 77-72 76-71 75-70
42-99 41-98 40-97 39-96 38-95 37-94 36-93 35-92 34-91 33-90 32-89 31-88 30-87 29-86 28-85 27-84 26-83 25-82 24-81 23-80 22-79 21-78 22-77 23-76
45-52 44-51 43-50 44-49 45-48 44-47 43-46 42-46 41-46 40-45 39-44 38-43 37-42 36-41
87-71 88-72 89-73 90-74 91-75 92-76 93-77 94-78 95-79 96-80 97-81 96-82
36-33 35-32 34-31 33-30 32-29 31-28 30-27 29-26 28-25 27-24 27-23 26-22 25-21 24-20 23-19 22-18 23-17 24-16 24-15 25-14 25-13 25-12 25-11 25-10 26-9 27-8 28-7 29-6 30-5 31-4 32-3
1-73 0-72 1-71 2-70 3-69 4-68 5-67 6-66 7-65 8-64 9-63 10-62 11-61 12-61 13-60 14-59 15-58 16-57 17-56 18-55 19-54 20-53 21-52 22-51 23-50 24-49 25-48
23-56 22-56 21-55 20-54 20-53 21-52 22-51 23-50 24-49 25-48 26-47 27-46 28-45 29-44 30-43 31-42 32-41 33-40 34-39 35-38 36-37 37-36 38-35 39-35 40-34 41-33 42-32 43-32 44-32 45-32 46-32 47-33
18-11 19-11 20-11 21-10 22-10 23-10 24-10 25-11 26-12 27-13 28-14 29-15 30-16 29-17 28-18 27-19 26-20 25-21 24-22 23-23 22-24 21-25 20-26 19-27 18-28 18-29 17-30 16-31 15-32 14-33 13-34 12-35
76-44 75-45 74-45 73-46 72-46 71-46 70-46 69-47 68-48 69-49 70-50 69-51 68-52 68-53 67-54 66-55 65-56 65-57 65-58 64-59 63-60 62-61 61-62 60-63 59-64 58-65 57-66 56-67 55-68 54-69 53-70 52-69 51-68 50-67 49-66 48-65
54-8 55-9 56-10 57-11 58-12 58-13 58-14 58-15 58-16 59-17 60-17 61-17 62-17 63-17 64-17 65-17 66-17 67-17 68-17 69-17 70-17 71-17 72-18 73-19 74-20 75-21 76-22 77-23 78-24 79-25 80-26
3-11 4-11 5-11 6-11 7-11 8-12 9-12 10-12 11-13 12-13 13-13 14-13 15-13 16-13 17-13 18-12 19-11 20-11 21-10 22-10 23-10 24-10 25-11 26-12 27-13 28-14 29-15 30-16 31-17 32-18 32-19 31-20 30-21 29-22 28-23 27-24 26-25
72-19 71-18 70-17 70-16 71-15 72-14 73-13 73-12
6-42 7-43 8-44 9-45 9-46 10-47 10-48 10-49 10-50 11-51 12-52 13-53 14-53 15-54 16-55 17-56 18-57
0-89 1-89 2-89 3-90 4-90 5-90 6-89 7-88 8-87 8-86 8-85 7-84 8-83
72-57 71-56 70-55 69-54 68-53 67-52 66-51 66-50 65-49 64-48 64-47 63-46 62-45 61-44 60-43 60-42 61-41 62-40 63-39 64-38 65-37 66-36 67-35 68-34 69-33 70-32
57-37 56-38 55-39 54-40 53-40 52-39 51-38 50-37 49-36 48-36 47-35 46-34 45-33 44-32 43-31 42-30 41-29 40-28 39-27 38-26 37-25 36-24 35-23 34-22 33-21 32-20 31-19 30-18 29-17 28-16 27-15 26-14 27-13
61-58 62-59 63-60 64-61 65-62 66-63 65-64 64-65 63-66 62-67 61-68 60-69 59-70 58-71 57-72 56-73 55-74 54-75 54-76 55-77 56-78 57-79 58-80 58-81 57-82 56-83 57-84 56-85 55-86
80-10 81-11 82-12 83-13 84-14 83-15 82-16 82-17 82-18 83-19 84-20 85-21 86-21 87-21
55-42 54-43 53-44 52-45 51-46 50-46 49-46 48-47 47-48 46-49 46-50 47-51 48-52 49-53 50-54 51-55 52-56 53-57 53-58 52-59 52-60 52-61 51-62 50-63 49-64
8-53 9-54 10-55 11-56 12-57 11-58 10-59 9-60 8-61 7-62 6-63 5-64 4-65 3-65 2-64 1-63
19-21 20-21 21-21 22-21 23-21 24-22 25-23
30-76 29-75 28-74 27-73 26-72 25-71 24-70 23-69 23-68 24-67 25-66 26-65 27-64 28-63 29-62 30-61 30-60 29-59 29-58 28-57 28-56 29-55 30-54 31-53 32-52 33-51
46-11 45-12 44-13 43-14 42-15 41-16 40-17 39-18 38-19 37-20 36-21 35-22 34-21 33-20 32-19 31-18 30-17 29-16 28-15 27-14 26-13 25-12
69-46 68-47 67-48 66-49 65-48 64-47 63-46 62-46 61-45 60-44 59-43 58-42 57-41 56-40 55-39 54-38 53-37 52-36 51-35 50-34 49-33 48-32 47-31 46-30 45-29 44-28 43-27 43-26 44-25
63-39 64-39 65-39 66-39 67-40 68-40 69-40 70-40 71-40 72-40 73-41 74-42 75-43 76-44 77-44 78-45 79-46 80-47 81-48 82-49 83-50 83-51 84-52 85-53 86-54 87-55 88-56 89-57 90-58 89-59 88-60 87-61
19-48 20-49 21-49 22-49 23-48 23-47 22-46 21-45 20-44 20-43 21-42 22-41 23-40 24-39 25-38 26-37 27-36 28-35 29-34 30-33 31-32
89-21 88-22 87-23 86-22 85-21 84-20 83-19 82-18 81-17 80-16 79-15 78-14 77-13 76-12 76-11 76-10
51-70 50-71 49-72 48-73 47-74 46-75 45-76 44-77 43-78 42-79 41-78 40-77 39-76 38-75 37-74 36-73 35-72 34-71 33-70 32-69 31-68 30-67 29-66
34-99 35-99 36-99 37-98 36-97 36-96 35-95 34-94 33-93 32-92 31-91 30-90 29-89 28-88 27-87 26-86 25-85 24-84 23-83 22-82 21-81 20-80 19-79 20-78 21-77 22-76 23-75 24-74
80-42 81-42 82-42 83-42 84-42 85-42 86-42 87-42 88-41 89-40 90-39 91-38 92-37 92-36 93-35 94-34 95-33 96-32 97-31 98-30 99-29 99-28 99-27 99-26 99-25 99-24 99-23 99-22 99-21 99-20 99-19 99-18 98-17
15-64 16-64 17-64 18-64 19-63 20-63 21-62 22-61 23-60 24-59 25-58 26-57 27-56 28-55 29-54 30-53 31-52 32-51
14-36 15-37 16-38 17-39 18-40 19-41 20-42 21-43 22-44 23-45 24-46 25-47 24-48 23-49 22-50 21-51 20-52 19-53 18-54
70-93 70-92 71-91 72-90 73-89 74-88 75-87 76-86 77-85 78-84 79-83 80-82 81-81 82-80 83-79 84-78 85-77 86-76 87-75 86-74 87-73 88-72 89-71 90-70 91-69 92-68 93-67
84-37 83-38 82-39 81-39 80-38 79-37 78-36 77-35 76-36 75-37 74-36 73-35 72-34 71-33 70-32 69-31 68-30 67-29 66-28 65-27 64-26 63-25 62-24 61-23 60-22 59-21 58-20 57-19 56-18 55-17 54-16 54-15 55-14 56-13
25-3 26-4 27-4 28-5 29-6 30-7 31-8 32-9
58-99 57-99 56-99 55-99 54-99 53-99 52-99 51-99 50-99 49-99 48-99 47-99 46-99 45-99 44-99 43-99 42-99 41-99 40-99 39-99 38-99 37-99 36-99 35-99 34-99 33-99 32-99 31-99 30-99 29-99 28-98 29-97
71-68 70-69 69-70 68-71 67-72 66-73 65-73 64-73 63-72 62-72 61-71 60-72 59-72 58-73